2022-05-12 09:40:16.975 INFO  [main]com.dowsure.downloadlog.DownloadlogApplication.logStarting:55 -Starting DownloadlogApplication using Java 1.8.0_162 on LAPTOP-0FT669C3 with PID 11808 (D:\Workspace\leyou\downloadlog\target\classes started by Only in D:\Workspace\leyou\downloadlog)
2022-05-12 09:40:16.983 INFO  [main]com.dowsure.downloadlog.DownloadlogApplication.logStartupProfileInfo:659 -No active profile set, falling back to default profiles: default
2022-05-12 09:40:17.834 INFO  [main]o.s.boot.web.embedded.tomcat.TomcatWebServer.initialize:108 -Tomcat initialized with port(s): 9043 (http)
2022-05-12 09:40:17.840 INFO  [main]org.apache.coyote.http11.Http11NioProtocol.log:173 -Initializing ProtocolHandler ["http-nio-9043"]
2022-05-12 09:40:17.840 INFO  [main]org.apache.catalina.core.StandardService.log:173 -Starting service [Tomcat]
2022-05-12 09:40:17.841 INFO  [main]org.apache.catalina.core.StandardEngine.log:173 -Starting Servlet engine: [Apache Tomcat/9.0.48]
2022-05-12 09:40:17.898 INFO  [main]o.a.catalina.core.ContainerBase.[Tomcat].[localhost].[/].log:173 -Initializing Spring embedded WebApplicationContext
2022-05-12 09:40:17.898 INFO  [main]o.s.b.w.s.context.ServletWebServerApplicationContext.prepareWebApplicationContext:290 -Root WebApplicationContext: initialization completed in 869 ms
2022-05-12 09:40:18.210 INFO  [main]org.apache.coyote.http11.Http11NioProtocol.log:173 -Starting ProtocolHandler ["http-nio-9043"]
2022-05-12 09:40:18.222 INFO  [main]o.s.boot.web.embedded.tomcat.TomcatWebServer.start:220 -Tomcat started on port(s): 9043 (http) with context path ''
2022-05-12 09:40:18.228 INFO  [main]com.dowsure.downloadlog.DownloadlogApplication.logStarted:61 -Started DownloadlogApplication in 1.599 seconds (JVM running for 2.505)
2022-05-12 09:40:34.433 INFO  [http-nio-9043-exec-1]o.a.catalina.core.ContainerBase.[Tomcat].[localhost].[/].log:173 -Initializing Spring DispatcherServlet 'dispatcherServlet'
2022-05-12 09:40:34.434 INFO  [http-nio-9043-exec-1]org.springframework.web.servlet.DispatcherServlet.initServletBean:525 -Initializing Servlet 'dispatcherServlet'
2022-05-12 09:40:34.434 INFO  [http-nio-9043-exec-1]org.springframework.web.servlet.DispatcherServlet.initServletBean:547 -Completed initialization in 0 ms
2022-05-12 09:40:34.452 INFO  [http-nio-9043-exec-1]com.dowsure.downloadlog.filter.WebLogAspect.getLog:104 -fail : 下载dowsure/log/ab.log失败
2022-05-12 09:41:49.712 INFO  [http-nio-9043-exec-5]com.dowsure.downloadlog.filter.WebLogAspect.getLog:100 -success : 下载dowsure/log/a.log成功
2022-05-12 09:43:33.960 INFO  [main]com.dowsure.downloadlog.DownloadlogApplication.logStarting:55 -Starting DownloadlogApplication using Java 1.8.0_162 on LAPTOP-0FT669C3 with PID 25660 (D:\Workspace\leyou\downloadlog\target\classes started by Only in D:\Workspace\leyou\downloadlog)
2022-05-12 09:43:33.963 INFO  [main]com.dowsure.downloadlog.DownloadlogApplication.logStartupProfileInfo:659 -No active profile set, falling back to default profiles: default
2022-05-12 09:43:34.770 INFO  [main]o.s.boot.web.embedded.tomcat.TomcatWebServer.initialize:108 -Tomcat initialized with port(s): 9043 (http)
2022-05-12 09:43:34.775 INFO  [main]org.apache.coyote.http11.Http11NioProtocol.log:173 -Initializing ProtocolHandler ["http-nio-9043"]
2022-05-12 09:43:34.776 INFO  [main]org.apache.catalina.core.StandardService.log:173 -Starting service [Tomcat]
2022-05-12 09:43:34.776 INFO  [main]org.apache.catalina.core.StandardEngine.log:173 -Starting Servlet engine: [Apache Tomcat/9.0.48]
2022-05-12 09:43:34.825 INFO  [main]o.a.catalina.core.ContainerBase.[Tomcat].[localhost].[/].log:173 -Initializing Spring embedded WebApplicationContext
2022-05-12 09:43:34.826 INFO  [main]o.s.b.w.s.context.ServletWebServerApplicationContext.prepareWebApplicationContext:290 -Root WebApplicationContext: initialization completed in 831 ms
2022-05-12 09:43:35.132 INFO  [main]org.apache.coyote.http11.Http11NioProtocol.log:173 -Starting ProtocolHandler ["http-nio-9043"]
2022-05-12 09:43:35.144 INFO  [main]o.s.boot.web.embedded.tomcat.TomcatWebServer.start:220 -Tomcat started on port(s): 9043 (http) with context path ''
2022-05-12 09:43:35.150 INFO  [main]com.dowsure.downloadlog.DownloadlogApplication.logStarted:61 -Started DownloadlogApplication in 1.461 seconds (JVM running for 2.268)
2022-05-12 09:43:49.314 INFO  [http-nio-9043-exec-1]o.a.catalina.core.ContainerBase.[Tomcat].[localhost].[/].log:173 -Initializing Spring DispatcherServlet 'dispatcherServlet'
2022-05-12 09:43:49.314 INFO  [http-nio-9043-exec-1]org.springframework.web.servlet.DispatcherServlet.initServletBean:525 -Initializing Servlet 'dispatcherServlet'
2022-05-12 09:43:49.315 INFO  [http-nio-9043-exec-1]org.springframework.web.servlet.DispatcherServlet.initServletBean:547 -Completed initialization in 0 ms
2022-05-12 09:43:49.333 INFO  [http-nio-9043-exec-1]com.dowsure.downloadlog.filter.WebLogAspect.doBefore:41 -URL : http://localhost:9043/downloadlog/getlog
2022-05-12 09:43:49.333 INFO  [http-nio-9043-exec-1]com.dowsure.downloadlog.filter.WebLogAspect.doBefore:42 -HTTP_METHOD :GET
2022-05-12 09:43:49.334 INFO  [http-nio-9043-exec-1]com.dowsure.downloadlog.filter.WebLogAspect.doBefore:43 -IP : 0:0:0:0:0:0:0:1
2022-05-12 09:43:49.342 INFO  [http-nio-9043-exec-1]com.dowsure.downloadlog.filter.WebLogAspect.doBefore:44 -CLASS_METHOD : com.dowsure.downloadlog.controller.LogController.getLog
2022-05-12 09:43:49.343 INFO  [http-nio-9043-exec-1]com.dowsure.downloadlog.filter.WebLogAspect.doBefore:46 -ARGS : [dowsure/log/ab.log, org.apache.catalina.connector.ResponseFacade@75cd2fdd]
2022-05-12 09:43:49.346 INFO  [http-nio-9043-exec-1]com.dowsure.downloadlog.filter.WebLogAspect.getLog:104 -fail : 下载dowsure/log/ab.log失败
2022-05-12 09:43:49.370 INFO  [http-nio-9043-exec-1]com.dowsure.downloadlog.filter.WebLogAspect.doAfterReturning:52 -RESPONSE : {"status":10013,"msg":"参数错误","data":null}
2022-05-12 09:44:44.739 INFO  [http-nio-9043-exec-2]com.dowsure.downloadlog.filter.WebLogAspect.doBefore:41 -URL : http://localhost:9043/downloadlog/getlog
2022-05-12 09:44:44.740 INFO  [http-nio-9043-exec-2]com.dowsure.downloadlog.filter.WebLogAspect.doBefore:42 -HTTP_METHOD :GET
2022-05-12 09:44:44.740 INFO  [http-nio-9043-exec-2]com.dowsure.downloadlog.filter.WebLogAspect.doBefore:43 -IP : 0:0:0:0:0:0:0:1
2022-05-12 09:44:44.740 INFO  [http-nio-9043-exec-2]com.dowsure.downloadlog.filter.WebLogAspect.doBefore:44 -CLASS_METHOD : com.dowsure.downloadlog.controller.LogController.getLog
2022-05-12 09:44:44.740 INFO  [http-nio-9043-exec-2]com.dowsure.downloadlog.filter.WebLogAspect.doBefore:46 -ARGS : [dowsure/log/a.log, org.apache.catalina.connector.ResponseFacade@75cd2fdd]
2022-05-12 09:44:44.751 INFO  [http-nio-9043-exec-2]com.dowsure.downloadlog.filter.WebLogAspect.getLog:100 -success : 下载dowsure/log/a.log成功
2022-05-12 09:44:44.752 INFO  [http-nio-9043-exec-2]com.dowsure.downloadlog.filter.WebLogAspect.doAfterReturning:52 -RESPONSE : {"status":10000,"msg":"SUCCESS","data":null}
2022-05-12 10:56:34.936 INFO  [http-nio-9043-exec-5]com.dowsure.downloadlog.filter.WebLogAspect.doBefore:41 -URL : http://localhost:9043/downloadlog/getlog
2022-05-12 10:56:34.936 INFO  [http-nio-9043-exec-5]com.dowsure.downloadlog.filter.WebLogAspect.doBefore:42 -HTTP_METHOD :GET
2022-05-12 10:56:34.937 INFO  [http-nio-9043-exec-5]com.dowsure.downloadlog.filter.WebLogAspect.doBefore:43 -IP : 0:0:0:0:0:0:0:1
2022-05-12 10:56:34.937 INFO  [http-nio-9043-exec-5]com.dowsure.downloadlog.filter.WebLogAspect.doBefore:44 -CLASS_METHOD : com.dowsure.downloadlog.controller.LogController.getLog
2022-05-12 10:56:34.937 INFO  [http-nio-9043-exec-5]com.dowsure.downloadlog.filter.WebLogAspect.doBefore:46 -ARGS : [dowsure/log/ab.log, org.apache.catalina.connector.ResponseFacade@75cd2fdd]
2022-05-12 10:56:34.937 INFO  [http-nio-9043-exec-5]com.dowsure.downloadlog.filter.WebLogAspect.getLog:104 -fail : 下载dowsure/log/ab.log失败
2022-05-12 10:56:34.938 INFO  [http-nio-9043-exec-5]com.dowsure.downloadlog.filter.WebLogAspect.doAfterReturning:52 -RESPONSE : {"status":10013,"msg":"参数错误","data":null}
2022-05-12 10:56:41.237 INFO  [http-nio-9043-exec-6]com.dowsure.downloadlog.filter.WebLogAspect.doBefore:41 -URL : http://localhost:9043/downloadlog/getlog
2022-05-12 10:56:41.237 INFO  [http-nio-9043-exec-6]com.dowsure.downloadlog.filter.WebLogAspect.doBefore:42 -HTTP_METHOD :GET
2022-05-12 10:56:41.237 INFO  [http-nio-9043-exec-6]com.dowsure.downloadlog.filter.WebLogAspect.doBefore:43 -IP : 0:0:0:0:0:0:0:1
2022-05-12 10:56:41.237 INFO  [http-nio-9043-exec-6]com.dowsure.downloadlog.filter.WebLogAspect.doBefore:44 -CLASS_METHOD : com.dowsure.downloadlog.controller.LogController.getLog
2022-05-12 10:56:41.237 INFO  [http-nio-9043-exec-6]com.dowsure.downloadlog.filter.WebLogAspect.doBefore:46 -ARGS : [dowsure/log/a.log, org.apache.catalina.connector.ResponseFacade@75cd2fdd]
2022-05-12 10:56:41.240 INFO  [http-nio-9043-exec-6]com.dowsure.downloadlog.filter.WebLogAspect.getLog:100 -success : 下载dowsure/log/a.log成功
2022-05-12 10:56:41.241 INFO  [http-nio-9043-exec-6]com.dowsure.downloadlog.filter.WebLogAspect.doAfterReturning:52 -RESPONSE : {"status":10000,"msg":"SUCCESS","data":null}
2022-05-12 10:57:05.966 INFO  [main]o.s.boot.test.context.SpringBootTestContextBootstrapper.buildDefaultMergedContextConfiguration:305 -Neither @ContextConfiguration nor @ContextHierarchy found for test class [com.dowsure.downloadlog.DownloadlogApplicationTests], using SpringBootContextLoader
2022-05-12 10:57:05.973 INFO  [main]o.s.test.context.support.AbstractContextLoader.generateDefaultLocations:264 -Could not detect default resource locations for test class [com.dowsure.downloadlog.DownloadlogApplicationTests]: no resource found for suffixes {-context.xml, Context.groovy}.
2022-05-12 10:57:05.974 INFO  [main]o.s.t.context.support.AnnotationConfigContextLoaderUtils.detectDefaultConfigurationClasses:83 -Could not detect default configuration classes for test class [com.dowsure.downloadlog.DownloadlogApplicationTests]: DownloadlogApplicationTests does not declare any static, non-private, non-final, nested classes annotated with @Configuration.
2022-05-12 10:57:06.090 INFO  [main]o.s.boot.test.context.SpringBootTestContextBootstrapper.getOrFindConfigurationClasses:238 -Found @SpringBootConfiguration com.dowsure.downloadlog.DownloadlogApplication for test class com.dowsure.downloadlog.DownloadlogApplicationTests
2022-05-12 10:57:06.180 INFO  [main]o.s.boot.test.context.SpringBootTestContextBootstrapper.getDefaultTestExecutionListenerClassNames:245 -Loaded default TestExecutionListener class names from location [META-INF/spring.factories]: [org.springframework.boot.test.mock.mockito.MockitoTestExecutionListener, org.springframework.boot.test.mock.mockito.ResetMocksTestExecutionListener, org.springframework.boot.test.autoconfigure.restdocs.RestDocsTestExecutionListener, org.springframework.boot.test.autoconfigure.web.client.MockRestServiceServerResetTestExecutionListener, org.springframework.boot.test.autoconfigure.web.servlet.MockMvcPrintOnlyOnFailureTestExecutionListener, org.springframework.boot.test.autoconfigure.web.servlet.WebDriverTestExecutionListener, org.springframework.boot.test.autoconfigure.webservices.client.MockWebServiceServerTestExecutionListener, org.springframework.test.context.web.ServletTestExecutionListener, org.springframework.test.context.support.DirtiesContextBeforeModesTestExecutionListener, org.springframework.test.context.event.ApplicationEventsTestExecutionListener, org.springframework.test.context.support.DependencyInjectionTestExecutionListener, org.springframework.test.context.support.DirtiesContextTestExecutionListener, org.springframework.test.context.transaction.TransactionalTestExecutionListener, org.springframework.test.context.jdbc.SqlScriptsTestExecutionListener, org.springframework.test.context.event.EventPublishingTestExecutionListener]
2022-05-12 10:57:06.196 INFO  [main]o.s.boot.test.context.SpringBootTestContextBootstrapper.getTestExecutionListeners:174 -Using TestExecutionListeners: [org.springframework.test.context.web.ServletTestExecutionListener@3e62d773, org.springframework.test.context.support.DirtiesContextBeforeModesTestExecutionListener@4ef74c30, org.springframework.test.context.event.ApplicationEventsTestExecutionListener@7283d3eb, org.springframework.boot.test.mock.mockito.MockitoTestExecutionListener@638ef7ed, org.springframework.boot.test.autoconfigure.SpringBootDependencyInjectionTestExecutionListener@4bff7da0, org.springframework.test.context.support.DirtiesContextTestExecutionListener@3f1d2e23, org.springframework.test.context.event.EventPublishingTestExecutionListener@536dbea0, org.springframework.boot.test.mock.mockito.ResetMocksTestExecutionListener@47c81abf, org.springframework.boot.test.autoconfigure.restdocs.RestDocsTestExecutionListener@776a6d9b, org.springframework.boot.test.autoconfigure.web.client.MockRestServiceServerResetTestExecutionListener@21d03963, org.springframework.boot.test.autoconfigure.web.servlet.MockMvcPrintOnlyOnFailureTestExecutionListener@1f760b47, org.springframework.boot.test.autoconfigure.web.servlet.WebDriverTestExecutionListener@18ece7f4, org.springframework.boot.test.autoconfigure.webservices.client.MockWebServiceServerTestExecutionListener@3cce57c7]
2022-05-12 10:57:06.428 INFO  [main]com.dowsure.downloadlog.DownloadlogApplicationTests.logStarting:55 -Starting DownloadlogApplicationTests using Java 1.8.0_162 on LAPTOP-0FT669C3 with PID 23084 (started by Only in D:\Workspace\leyou\downloadlog)
2022-05-12 10:57:06.430 INFO  [main]com.dowsure.downloadlog.DownloadlogApplicationTests.logStartupProfileInfo:659 -No active profile set, falling back to default profiles: default
2022-05-12 10:57:07.876 INFO  [main]com.dowsure.downloadlog.DownloadlogApplicationTests.logStarted:61 -Started DownloadlogApplicationTests in 1.651 seconds (JVM running for 2.54)
2022-05-12 10:57:15.256 INFO  [main]com.dowsure.downloadlog.DownloadlogApplication.logStarting:55 -Starting DownloadlogApplication using Java 1.8.0_162 on LAPTOP-0FT669C3 with PID 19336 (D:\Workspace\leyou\downloadlog\target\classes started by Only in D:\Workspace\leyou\downloadlog)
2022-05-12 10:57:15.259 INFO  [main]com.dowsure.downloadlog.DownloadlogApplication.logStartupProfileInfo:659 -No active profile set, falling back to default profiles: default
2022-05-12 10:57:16.013 INFO  [main]o.s.boot.web.embedded.tomcat.TomcatWebServer.initialize:108 -Tomcat initialized with port(s): 9043 (http)
2022-05-12 10:57:16.019 INFO  [main]org.apache.coyote.http11.Http11NioProtocol.log:173 -Initializing ProtocolHandler ["http-nio-9043"]
2022-05-12 10:57:16.019 INFO  [main]org.apache.catalina.core.StandardService.log:173 -Starting service [Tomcat]
2022-05-12 10:57:16.020 INFO  [main]org.apache.catalina.core.StandardEngine.log:173 -Starting Servlet engine: [Apache Tomcat/9.0.48]
2022-05-12 10:57:16.074 INFO  [main]o.a.catalina.core.ContainerBase.[Tomcat].[localhost].[/].log:173 -Initializing Spring embedded WebApplicationContext
2022-05-12 10:57:16.075 INFO  [main]o.s.b.w.s.context.ServletWebServerApplicationContext.prepareWebApplicationContext:290 -Root WebApplicationContext: initialization completed in 784 ms
2022-05-12 10:57:16.408 INFO  [main]org.apache.coyote.http11.Http11NioProtocol.log:173 -Starting ProtocolHandler ["http-nio-9043"]
2022-05-12 10:57:16.419 INFO  [main]o.s.boot.web.embedded.tomcat.TomcatWebServer.start:220 -Tomcat started on port(s): 9043 (http) with context path ''
2022-05-12 10:57:16.426 INFO  [main]com.dowsure.downloadlog.DownloadlogApplication.logStarted:61 -Started DownloadlogApplication in 1.447 seconds (JVM running for 2.242)
2022-05-12 10:57:45.087 INFO  [main]o.s.boot.test.context.SpringBootTestContextBootstrapper.buildDefaultMergedContextConfiguration:305 -Neither @ContextConfiguration nor @ContextHierarchy found for test class [com.dowsure.downloadlog.DownloadlogApplicationTests], using SpringBootContextLoader
2022-05-12 10:57:45.092 INFO  [main]o.s.test.context.support.AbstractContextLoader.generateDefaultLocations:264 -Could not detect default resource locations for test class [com.dowsure.downloadlog.DownloadlogApplicationTests]: no resource found for suffixes {-context.xml, Context.groovy}.
2022-05-12 10:57:45.093 INFO  [main]o.s.t.context.support.AnnotationConfigContextLoaderUtils.detectDefaultConfigurationClasses:83 -Could not detect default configuration classes for test class [com.dowsure.downloadlog.DownloadlogApplicationTests]: DownloadlogApplicationTests does not declare any static, non-private, non-final, nested classes annotated with @Configuration.
2022-05-12 10:57:45.170 INFO  [main]o.s.boot.test.context.SpringBootTestContextBootstrapper.getOrFindConfigurationClasses:238 -Found @SpringBootConfiguration com.dowsure.downloadlog.DownloadlogApplication for test class com.dowsure.downloadlog.DownloadlogApplicationTests
2022-05-12 10:57:45.250 INFO  [main]o.s.boot.test.context.SpringBootTestContextBootstrapper.getDefaultTestExecutionListenerClassNames:245 -Loaded default TestExecutionListener class names from location [META-INF/spring.factories]: [org.springframework.boot.test.mock.mockito.MockitoTestExecutionListener, org.springframework.boot.test.mock.mockito.ResetMocksTestExecutionListener, org.springframework.boot.test.autoconfigure.restdocs.RestDocsTestExecutionListener, org.springframework.boot.test.autoconfigure.web.client.MockRestServiceServerResetTestExecutionListener, org.springframework.boot.test.autoconfigure.web.servlet.MockMvcPrintOnlyOnFailureTestExecutionListener, org.springframework.boot.test.autoconfigure.web.servlet.WebDriverTestExecutionListener, org.springframework.boot.test.autoconfigure.webservices.client.MockWebServiceServerTestExecutionListener, org.springframework.test.context.web.ServletTestExecutionListener, org.springframework.test.context.support.DirtiesContextBeforeModesTestExecutionListener, org.springframework.test.context.event.ApplicationEventsTestExecutionListener, org.springframework.test.context.support.DependencyInjectionTestExecutionListener, org.springframework.test.context.support.DirtiesContextTestExecutionListener, org.springframework.test.context.transaction.TransactionalTestExecutionListener, org.springframework.test.context.jdbc.SqlScriptsTestExecutionListener, org.springframework.test.context.event.EventPublishingTestExecutionListener]
2022-05-12 10:57:45.260 INFO  [main]o.s.boot.test.context.SpringBootTestContextBootstrapper.getTestExecutionListeners:174 -Using TestExecutionListeners: [org.springframework.test.context.web.ServletTestExecutionListener@4c2bb6e0, org.springframework.test.context.support.DirtiesContextBeforeModesTestExecutionListener@3e62d773, org.springframework.test.context.event.ApplicationEventsTestExecutionListener@4ef74c30, org.springframework.boot.test.mock.mockito.MockitoTestExecutionListener@7283d3eb, org.springframework.boot.test.autoconfigure.SpringBootDependencyInjectionTestExecutionListener@638ef7ed, org.springframework.test.context.support.DirtiesContextTestExecutionListener@4bff7da0, org.springframework.test.context.event.EventPublishingTestExecutionListener@3f1d2e23, org.springframework.boot.test.mock.mockito.ResetMocksTestExecutionListener@536dbea0, org.springframework.boot.test.autoconfigure.restdocs.RestDocsTestExecutionListener@47c81abf, org.springframework.boot.test.autoconfigure.web.client.MockRestServiceServerResetTestExecutionListener@776a6d9b, org.springframework.boot.test.autoconfigure.web.servlet.MockMvcPrintOnlyOnFailureTestExecutionListener@21d03963, org.springframework.boot.test.autoconfigure.web.servlet.WebDriverTestExecutionListener@1f760b47, org.springframework.boot.test.autoconfigure.webservices.client.MockWebServiceServerTestExecutionListener@18ece7f4]
2022-05-12 10:57:45.470 INFO  [main]com.dowsure.downloadlog.DownloadlogApplicationTests.logStarting:55 -Starting DownloadlogApplicationTests using Java 1.8.0_162 on LAPTOP-0FT669C3 with PID 27324 (started by Only in D:\Workspace\leyou\downloadlog)
2022-05-12 10:57:45.471 INFO  [main]com.dowsure.downloadlog.DownloadlogApplicationTests.logStartupProfileInfo:659 -No active profile set, falling back to default profiles: default
2022-05-12 10:57:46.753 INFO  [main]com.dowsure.downloadlog.DownloadlogApplicationTests.logStarted:61 -Started DownloadlogApplicationTests in 1.466 seconds (JVM running for 2.207)
